<?xml version="1.0" encoding="UTF-8"?>
<!-- Generated by org.testng.reporters.JUnitReportReporter -->
<testsuite hostname="MSDT057" failures="0" tests="2" name="TestNG.DemoTest" time="0.008" errors="0" timestamp="2022-01-31T19:58:43 IST" skipped="0">
  <testcase classname="TestNG.DemoTest" name="CustomerDestails" time="0.006"/>
  <system-out/>
  <testcase classname="TestNG.DemoTest" name="Login" time="0.002"/>
  <system-out/>
</testsuite> <!-- TestNG.DemoTest -->
