<?xml version="1.0" encoding="UTF-8"?>
<!-- Generated by org.testng.reporters.JUnitReportReporter -->
<testsuite hostname="MSDT057" failures="0" tests="1" name="TestNG.LoginTest" time="6.996" errors="0" timestamp="2022-01-31T19:13:57 IST" skipped="0">
  <testcase classname="TestNG.LoginTest" name="Login" time="6.996"/>
  <system-out/>
</testsuite> <!-- TestNG.LoginTest -->
