<?xml version="1.0" encoding="UTF-8"?>
<!-- Generated by org.testng.reporters.JUnitReportReporter -->
<testsuite hostname="MSDT057" failures="0" tests="2" name="TestNG.HomePageTest" time="1.480" errors="0" timestamp="2022-01-31T19:13:57 IST" skipped="0">
  <testcase classname="TestNG.HomePageTest" name="Logout" time="1.471"/>
  <system-out/>
  <testcase classname="TestNG.HomePageTest" name="VerifyPage" time="0.009"/>
  <system-out/>
</testsuite> <!-- TestNG.HomePageTest -->
